This is pdfTeX, Version 3.14159265-2.6-1.40.17 (MiKTeX 2.9.6100 64-bit) (preloaded format=pdflatex 2017.3.20)  20 MAR 2017 15:39
entering extended mode
**./pecar_primoz_63150213.tex
(pecar_primoz_63150213.tex
LaTeX2e <2016/03/31> patch level 3
Babel <3.9r> and hyphenation patterns for 75 language(s) loaded.
(E:\Programi\latex\tex\latex\base\article.cls
Document Class: article 2014/09/29 v1.4h Standard LaTeX document class
(E:\Programi\latex\tex\latex\base\size11.clo
File: size11.clo 2014/09/29 v1.4h Standard LaTeX file (size option)
)
\c@part=\count79
\c@section=\count80
\c@subsection=\count81
\c@subsubsection=\count82
\c@paragraph=\count83
\c@subparagraph=\count84
\c@figure=\count85
\c@table=\count86
\abovecaptionskip=\skip41
\belowcaptionskip=\skip42
\bibindent=\dimen102
)
(E:\Programi\latex\tex\latex\a4wide\a4wide.sty
Package: a4wide 1994/08/30

(E:\Programi\latex\tex\latex\ntgclass\a4.sty
Package: a4 2004/04/15 v1.2g A4 based page layout
))
(E:\Programi\latex\tex\latex\preprint\fullpage.sty
Package: fullpage 1999/02/23 1.1 (PWD)
\FP@margin=\skip43
)
(E:\Programi\latex\tex\latex\base\inputenc.sty
Package: inputenc 2015/03/17 v1.2c Input encoding file
\inpenc@prehook=\toks14
\inpenc@posthook=\toks15

(E:\Programi\latex\tex\latex\ucs\utf8x.def
File: utf8x.def 2004/10/17 UCS: Input encoding UTF-8
))
(E:\Programi\latex\tex\latex\ucs\ucs.sty
Package: ucs 2013/05/11 v2.2 UCS: Unicode input support

(E:\Programi\latex\tex\latex\ucs\uni-global.def
File: uni-global.def 2013/05/13 UCS: Unicode global data
)
\uc@secondtry=\count87
\uc@combtoks=\toks16
\uc@combtoksb=\toks17
\uc@temptokena=\toks18
)
(E:\Programi\latex\tex\generic\babel\babel.sty
Package: babel 2016/04/23 3.9r The Babel package

*************************************
* Local config file bblopts.cfg used
*
(E:\Programi\latex\tex\latex\arabi\bblopts.cfg
File: bblopts.cfg 2005/09/08 v0.1 add Arabic and Farsi to "declared" options of
 babel
)
(E:\Programi\latex\tex\latex\babel-slovenian\slovene.ldf
Language: slovene 2005/03/31 v1.2m Slovene support from the babel system

(E:\Programi\latex\tex\generic\babel\babel.def
File: babel.def 2016/04/23 3.9r Babel common definitions
\babel@savecnt=\count88
\U@D=\dimen103
)
Package babel Info: Making " an active character on input line 79.
))
(E:\Programi\latex\tex\latex\appendix\appendix.sty
Package: appendix 2009/09/02 v1.2b extra appendix facilities
\c@@pps=\count89
\c@@ppsavesec=\count90
\c@@ppsaveapp=\count91
)
(E:\Programi\latex\tex\latex\graphics\graphicx.sty
Package: graphicx 2014/10/28 v1.0g Enhanced LaTeX Graphics (DPC,SPQR)

(E:\Programi\latex\tex\latex\graphics\keyval.sty
Package: keyval 2014/10/28 v1.15 key=value parser (DPC)
\KV@toks@=\toks19
)
(E:\Programi\latex\tex\latex\graphics\graphics.sty
Package: graphics 2016/07/10 v1.0t Standard LaTeX Graphics (DPC,SPQR)

(E:\Programi\latex\tex\latex\graphics\trig.sty
Package: trig 2016/01/03 v1.10 sin cos tan (DPC)
)
(E:\Programi\latex\tex\latex\graphics-cfg\graphics.cfg
File: graphics.cfg 2016/06/04 v1.11 sample graphics configuration
)
Package graphics Info: Driver file: pdftex.def on input line 99.

(E:\Programi\latex\tex\latex\graphics-def\pdftex.def
File: pdftex.def 2016/07/10 v0.06j Graphics/color for pdfTeX

(E:\Programi\latex\tex\generic\oberdiek\infwarerr.sty
Package: infwarerr 2016/05/16 v1.4 Providing info/warning/error messages (HO)
)
(E:\Programi\latex\tex\generic\oberdiek\ltxcmds.sty
Package: ltxcmds 2016/05/16 v1.23 LaTeX kernel commands for general use (HO)
)
\Gread@gobject=\count92
))
\Gin@req@height=\dimen104
\Gin@req@width=\dimen105
)
(E:\Programi\latex\tex\latex\setspace\setspace.sty
Package: setspace 2011/12/19 v6.7a set line spacing
)
(E:\Programi\latex\tex\latex\graphics\color.sty
Package: color 2016/07/10 v1.1e Standard LaTeX Color (DPC)

(E:\Programi\latex\tex\latex\graphics-cfg\color.cfg
File: color.cfg 2016/01/02 v1.6 sample color configuration
)
Package color Info: Driver file: pdftex.def on input line 147.
)
(E:\Programi\latex\tex\latex\listings\listings.sty
\lst@mode=\count93
\lst@gtempboxa=\box26
\lst@token=\toks20
\lst@length=\count94
\lst@currlwidth=\dimen106
\lst@column=\count95
\lst@pos=\count96
\lst@lostspace=\dimen107
\lst@width=\dimen108
\lst@newlines=\count97
\lst@lineno=\count98
\lst@maxwidth=\dimen109

(E:\Programi\latex\tex\latex\listings\lstmisc.sty
File: lstmisc.sty 2015/06/04 1.6 (Carsten Heinz)
\c@lstnumber=\count99
\lst@skipnumbers=\count100
\lst@framebox=\box27
)
(E:\Programi\latex\tex\latex\listings\listings.cfg
File: listings.cfg 2015/06/04 1.6 listings configuration
))
Package: listings 2015/06/04 1.6 (Carsten Heinz)

(E:\Programi\latex\tex\latex\hyperref\hyperref.sty
Package: hyperref 2016/06/24 v6.83q Hypertext links for LaTeX

(E:\Programi\latex\tex\generic\oberdiek\hobsub-hyperref.sty
Package: hobsub-hyperref 2016/05/16 v1.14 Bundle oberdiek, subset hyperref (HO)


(E:\Programi\latex\tex\generic\oberdiek\hobsub-generic.sty
Package: hobsub-generic 2016/05/16 v1.14 Bundle oberdiek, subset generic (HO)
Package: hobsub 2016/05/16 v1.14 Construct package bundles (HO)
Package hobsub Info: Skipping package `infwarerr' (already loaded).
Package hobsub Info: Skipping package `ltxcmds' (already loaded).
Package: ifluatex 2016/05/16 v1.4 Provides the ifluatex switch (HO)
Package ifluatex Info: LuaTeX not detected.
Package: ifvtex 2016/05/16 v1.6 Detect VTeX and its facilities (HO)
Package ifvtex Info: VTeX not detected.
Package: intcalc 2016/05/16 v1.2 Expandable calculations with integers (HO)
Package: ifpdf 2016/05/14 v3.1 Provides the ifpdf switch
Package: etexcmds 2016/05/16 v1.6 Avoid name clashes with e-TeX commands (HO)
Package etexcmds Info: Could not find \expanded.
(etexcmds)             That can mean that you are not using pdfTeX 1.50 or
(etexcmds)             that some package has redefined \expanded.
(etexcmds)             In the latter case, load this package earlier.
Package: kvsetkeys 2016/05/16 v1.17 Key value parser (HO)
Package: kvdefinekeys 2016/05/16 v1.4 Define keys (HO)
Package: pdftexcmds 2016/05/21 v0.22 Utility functions of pdfTeX for LuaTeX (HO
)
Package pdftexcmds Info: LuaTeX not detected.
Package pdftexcmds Info: \pdf@primitive is available.
Package pdftexcmds Info: \pdf@ifprimitive is available.
Package pdftexcmds Info: \pdfdraftmode found.
Package: pdfescape 2016/05/16 v1.14 Implements pdfTeX's escape features (HO)
Package: bigintcalc 2016/05/16 v1.4 Expandable calculations on big integers (HO
)
Package: bitset 2016/05/16 v1.2 Handle bit-vector datatype (HO)
Package: uniquecounter 2016/05/16 v1.3 Provide unlimited unique counter (HO)
)
Package hobsub Info: Skipping package `hobsub' (already loaded).
Package: letltxmacro 2016/05/16 v1.5 Let assignment for LaTeX macros (HO)
Package: hopatch 2016/05/16 v1.3 Wrapper for package hooks (HO)
Package: xcolor-patch 2016/05/16 xcolor patch
Package: atveryend 2016/05/16 v1.9 Hooks at the very end of document (HO)
Package atveryend Info: \enddocument detected (standard20110627).
Package: atbegshi 2016/06/09 v1.18 At begin shipout hook (HO)
Package: refcount 2016/05/16 v3.5 Data extraction from label references (HO)
Package: hycolor 2016/05/16 v1.8 Color options for hyperref/bookmark (HO)
)
(E:\Programi\latex\tex\generic\ifxetex\ifxetex.sty
Package: ifxetex 2010/09/12 v0.6 Provides ifxetex conditional
)
(E:\Programi\latex\tex\latex\oberdiek\auxhook.sty
Package: auxhook 2016/05/16 v1.4 Hooks for auxiliary files (HO)
)
(E:\Programi\latex\tex\latex\oberdiek\kvoptions.sty
Package: kvoptions 2016/05/16 v3.12 Key value format for package options (HO)
)
\@linkdim=\dimen110
\Hy@linkcounter=\count101
\Hy@pagecounter=\count102

(E:\Programi\latex\tex\latex\hyperref\pd1enc.def
File: pd1enc.def 2016/06/24 v6.83q Hyperref: PDFDocEncoding definition (HO)
)
\Hy@SavedSpaceFactor=\count103

(E:\Programi\latex\tex\latex\00miktex\hyperref.cfg
File: hyperref.cfg 2002/06/06 v1.2 hyperref configuration of TeXLive
)
Package hyperref Info: Hyper figures OFF on input line 4486.
Package hyperref Info: Link nesting OFF on input line 4491.
Package hyperref Info: Hyper index ON on input line 4494.
Package hyperref Info: Plain pages OFF on input line 4501.
Package hyperref Info: Backreferencing OFF on input line 4506.
Package hyperref Info: Implicit mode ON; LaTeX internals redefined.
Package hyperref Info: Bookmarks ON on input line 4735.
\c@Hy@tempcnt=\count104

(E:\Programi\latex\tex\latex\url\url.sty
\Urlmuskip=\muskip10
Package: url 2013/09/16  ver 3.4  Verb mode for urls, etc.
)
LaTeX Info: Redefining \url on input line 5088.
\XeTeXLinkMargin=\dimen111
\Fld@menulength=\count105
\Field@Width=\dimen112
\Fld@charsize=\dimen113
Package hyperref Info: Hyper figures OFF on input line 6342.
Package hyperref Info: Link nesting OFF on input line 6347.
Package hyperref Info: Hyper index ON on input line 6350.
Package hyperref Info: backreferencing OFF on input line 6357.
Package hyperref Info: Link coloring OFF on input line 6362.
Package hyperref Info: Link coloring with OCG OFF on input line 6367.
Package hyperref Info: PDF/A mode OFF on input line 6372.
LaTeX Info: Redefining \ref on input line 6412.
LaTeX Info: Redefining \pageref on input line 6416.
\Hy@abspage=\count106
\c@Item=\count107
\c@Hfootnote=\count108
)

Package hyperref Message: Driver (autodetected): hpdftex.

(E:\Programi\latex\tex\latex\hyperref\hpdftex.def
File: hpdftex.def 2016/06/24 v6.83q Hyperref driver for pdfTeX
\Fld@listcount=\count109
\c@bookmark@seq@number=\count110

(E:\Programi\latex\tex\latex\oberdiek\rerunfilecheck.sty
Package: rerunfilecheck 2016/05/16 v1.8 Rerun checks for auxiliary files (HO)
Package uniquecounter Info: New unique counter `rerunfilecheck' on input line 2
82.
)
\Hy@SectionHShift=\skip44
)
(E:\Programi\latex\tex\latex\listings\lstlang1.sty
File: lstlang1.sty 2015/06/04 1.6 listings language file
) (pecar_primoz_63150213.aux)
\openout1 = `pecar_primoz_63150213.aux'.

LaTeX Font Info:    Checking defaults for OML/cmm/m/it on input line 38.
LaTeX Font Info:    ... okay on input line 38.
LaTeX Font Info:    Checking defaults for T1/cmr/m/n on input line 38.
LaTeX Font Info:    ... okay on input line 38.
LaTeX Font Info:    Checking defaults for OT1/cmr/m/n on input line 38.
LaTeX Font Info:    ... okay on input line 38.
LaTeX Font Info:    Checking defaults for OMS/cmsy/m/n on input line 38.
LaTeX Font Info:    ... okay on input line 38.
LaTeX Font Info:    Checking defaults for OMX/cmex/m/n on input line 38.
LaTeX Font Info:    ... okay on input line 38.
LaTeX Font Info:    Checking defaults for U/cmr/m/n on input line 38.
LaTeX Font Info:    ... okay on input line 38.
LaTeX Font Info:    Checking defaults for PD1/pdf/m/n on input line 38.
LaTeX Font Info:    ... okay on input line 38.
(E:\Programi\latex\tex\latex\ucs\ucsencs.def
File: ucsencs.def 2011/01/21 Fixes to fontencodings LGR, T3
)
(E:\Programi\latex\tex\context\base\supp-pdf.mkii
[Loading MPS to PDF converter (version 2006.09.02).]
\scratchcounter=\count111
\scratchdimen=\dimen114
\scratchbox=\box28
\nofMPsegments=\count112
\nofMParguments=\count113
\everyMPshowfont=\toks21
\MPscratchCnt=\count114
\MPscratchDim=\dimen115
\MPnumerator=\count115
\makeMPintoPDFobject=\count116
\everyMPtoPDFconversion=\toks22
) (E:\Programi\latex\tex\latex\oberdiek\epstopdf-base.sty
Package: epstopdf-base 2016/05/15 v2.6 Base part for package epstopdf

(E:\Programi\latex\tex\latex\oberdiek\grfext.sty
Package: grfext 2016/05/16 v1.2 Manage graphics extensions (HO)
)
Package epstopdf-base Info: Redefining graphics rule for `.eps' on input line 4
38.
Package grfext Info: Graphics extension search list:
(grfext)             [.png,.pdf,.jpg,.mps,.jpeg,.jbig2,.jb2,.PNG,.PDF,.JPG,.JPE
G,.JBIG2,.JB2,.eps]
(grfext)             \AppendGraphicsExtensions on input line 456.
)
\c@lstlisting=\count117
\AtBeginShipoutBox=\box29
Package hyperref Info: Link coloring OFF on input line 38.

(E:\Programi\latex\tex\latex\hyperref\nameref.sty
Package: nameref 2016/05/21 v2.44 Cross-referencing by name of section

(E:\Programi\latex\tex\generic\oberdiek\gettitlestring.sty
Package: gettitlestring 2016/05/16 v1.5 Cleanup title references (HO)
)
\c@section@level=\count118
)
LaTeX Info: Redefining \ref on input line 38.
LaTeX Info: Redefining \pageref on input line 38.
LaTeX Info: Redefining \nameref on input line 38.

(pecar_primoz_63150213.out) (pecar_primoz_63150213.out)
\@outlinefile=\write3
\openout3 = `pecar_primoz_63150213.out'.


(E:\Programi\latex\tex\latex\ucs\uni-1.def
File: uni-1.def 2013/05/13 UCS: Unicode data U+0100..U+01FF
)
LaTeX Font Info:    External font `cmex10' loaded for size
(Font)              <12> on input line 41.
LaTeX Font Info:    External font `cmex10' loaded for size
(Font)              <8> on input line 41.
LaTeX Font Info:    External font `cmex10' loaded for size
(Font)              <6> on input line 41.
Package babel Info: Redefining slovene shorthand "|
(babel)             in language  on input line 42.
Package babel Info: Redefining slovene shorthand "|
(babel)             in language  on input line 46.
Package babel Info: Redefining slovene shorthand "|
(babel)             in language  on input line 51.
Package babel Info: Redefining slovene shorthand "|
(babel)             in language  on input line 56.
Package babel Info: Redefining slovene shorthand "|
(babel)             in language  on input line 60.
Package babel Info: Redefining slovene shorthand "|
(babel)             in language  on input line 63.
Package babel Info: Redefining slovene shorthand "|
(babel)             in language  on input line 63.
 [1

{C:/ProgramData/MiKTeX/2.9/pdftex/config/pdftex.map}]
LaTeX Font Info:    Font shape `OT1/cmtt/bx/n' in size <9> not available
(Font)              Font shape `OT1/cmtt/m/n' tried instead on input line 67.

Overfull \hbox (23.31067pt too wide) in paragraph at lines 67--68
[][][][][][][][][][][][][][][][][][][][][][][][][][][][] 
 []

LaTeX Font Info:    External font `cmex10' loaded for size
(Font)              <10.95> on input line 76.
Package babel Info: Redefining slovene shorthand "|
(babel)             in language  on input line 95.
Package babel Info: Redefining slovene shorthand "|
(babel)             in language  on input line 95.
[2]
Package babel Info: Redefining slovene shorthand "|
(babel)             in language  on input line 95.
 <../slike/zanri_porazdelitev.png, id=76, 794.97pt x 414.8298pt>
File: ../slike/zanri_porazdelitev.png Graphic file (type png)

<use ../slike/zanri_porazdelitev.png>
Package pdftex.def Info: ../slike/zanri_porazdelitev.png used on input line 101
.
(pdftex.def)             Requested size: 476.98569pt x 248.8998pt.

Overfull \hbox (24.01779pt too wide) in paragraph at lines 101--102
 [] 
 []

Package babel Info: Redefining slovene shorthand "|
(babel)             in language  on input line 107.
Package babel Info: Redefining slovene shorthand "|
(babel)             in language  on input line 107.
[3 <../slike/zanri_porazdelitev.png>]
Package babel Info: Redefining slovene shorthand "|
(babel)             in language  on input line 109.
Package babel Info: Redefining slovene shorthand "|
(babel)             in language  on input line 147.
Package babel Info: Redefining slovene shorthand "|
(babel)             in language  on input line 147.
 [4]
Package babel Info: Redefining slovene shorthand "|
(babel)             in language  on input line 148.

<../slike/agnels_range.png, id=90, 523.20468pt x 313.9228pt>
File: ../slike/agnels_range.png Graphic file (type png)

<use ../slike/agnels_range.png>
Package pdftex.def Info: ../slike/agnels_range.png used on input line 153.
(pdftex.def)             Requested size: 418.56432pt x 251.13857pt.

<../slike/shawshank_range.png, id=91, 560.0925pt x 315.42844pt>
File: ../slike/shawshank_range.png Graphic file (type png)

<use ../slike/shawshank_range.png>
Package pdftex.def Info: ../slike/shawshank_range.png used on input line 162.
(pdftex.def)             Requested size: 448.0746pt x 252.34308pt.

<../slike/skupno_ocene.png, id=92, 447.92343pt x 236.38312pt>
File: ../slike/skupno_ocene.png Graphic file (type png)

<use ../slike/skupno_ocene.png>
Package pdftex.def Info: ../slike/skupno_ocene.png used on input line 170.
(pdftex.def)             Requested size: 403.12737pt x 212.74283pt.
Package babel Info: Redefining slovene shorthand "|
(babel)             in language  on input line 176.
Package babel Info: Redefining slovene shorthand "|
(babel)             in language  on input line 176.
 [5 <../slike/agnels_range.png>]
Package babel Info: Redefining slovene shorthand "|
(babel)             in language  on input line 176.
Package babel Info: Redefining slovene shorthand "|
(babel)             in language  on input line 176.
 [6 <../slike/shawshank_range.png> <../slike/skupno_ocene.png>]
Package babel Info: Redefining slovene shorthand "|
(babel)             in language  on input line 177.

<../slike/pop_actors.png, id=107, 1016.8389pt x 346.896pt>
File: ../slike/pop_actors.png Graphic file (type png)

<use ../slike/pop_actors.png>
Package pdftex.def Info: ../slike/pop_actors.png used on input line 181.
(pdftex.def)             Requested size: 559.26312pt x 190.79338pt.

Overfull \hbox (106.29523pt too wide) in paragraph at lines 181--182
[][] 
 []

Package babel Info: Redefining slovene shorthand "|
(babel)             in language  on input line 187.
Package babel Info: Redefining slovene shorthand "|
(babel)             in language  on input line 190.
Package babel Info: Redefining slovene shorthand "|
(babel)             in language  on input line 190.
[7 <../slike/pop_actors.png>]
Package babel Info: Redefining slovene shorthand "|
(babel)             in language  on input line 192.
Package babel Info: Redefining slovene shorthand "|
(babel)             in language  on input line 206.


Package hyperref Warning: Composite letter `\textasciicaron+c'
(hyperref)                not defined in PD1 encoding,
(hyperref)                removing `\textasciicaron' on input line 206.

Package babel Info: Redefining slovene shorthand "|
(babel)             in language  on input line 210.
Package babel Info: Redefining slovene shorthand "|
(babel)             in language  on input line 211.
Package atveryend Info: Empty hook `BeforeClearDocument' on input line 217.
Package babel Info: Redefining slovene shorthand "|
(babel)             in language  on input line 217.
Package babel Info: Redefining slovene shorthand "|
(babel)             in language  on input line 217.
[8]
Package atveryend Info: Empty hook `AfterLastShipout' on input line 217.
 (pecar_primoz_63150213.aux)
Package atveryend Info: Executing hook `AtVeryEndDocument' on input line 217.
Package atveryend Info: Executing hook `AtEndAfterFileList' on input line 217.
Package rerunfilecheck Info: File `pecar_primoz_63150213.out' has not changed.
(rerunfilecheck)             Checksum: 0EF2A69714551BEEDAECD71632647ABE;749.
Package atveryend Info: Empty hook `AtVeryVeryEnd' on input line 217.
 ) 
Here is how much of TeX's memory you used:
 8436 strings out of 493333
 118793 string characters out of 3143533
 233503 words of memory out of 3000000
 11838 multiletter control sequences out of 15000+200000
 9444 words of font info for 34 fonts, out of 3000000 for 9000
 1141 hyphenation exceptions out of 8191
 29i,11n,40p,687b,1212s stack positions out of 5000i,500n,10000p,200000b,50000s
<E:/Programi/latex/fonts/type1/public/amsfonts/cm/cmbx12.pfb><E:/Programi/lat
ex/fonts/type1/public/amsfonts/cm/cmr10.pfb><E:/Programi/latex/fonts/type1/publ
ic/amsfonts/cm/cmr12.pfb><E:/Programi/latex/fonts/type1/public/amsfonts/cm/cmr1
7.pfb><E:/Programi/latex/fonts/type1/public/amsfonts/cm/cmtt9.pfb>
Output written on pecar_primoz_63150213.pdf (8 pages, 161673 bytes).
PDF statistics:
 145 PDF objects out of 1000 (max. 8388607)
 33 named destinations out of 1000 (max. 500000)
 138 words of extra memory for PDF output out of 10000 (max. 10000000)

